<?xml version="1.0" encoding="UTF-8"?>
<testsuite xmlns:xsi="http://www.w3.org/2001/XMLSchema-instance" xsi:noNamespaceSchemaLocation="https://maven.apache.org/surefire/maven-surefire-plugin/xsd/surefire-test-report-3.0.xsd" version="3.0" name="com.example.boot.Boot302DemoApplicationTests" time="4.49" tests="1" errors="0" skipped="0" failures="0">
  <properties>
[...]
</properties>
  <testcase name="contextLoads" classname="com.example.boot.Boot302DemoApplicationTests" time="1.961">
    <system-out><![CDATA[22:34:12.040 [main] INFO org.springframework.test.context.support.AnnotationConfigContextLoaderUtils -- Could not detect default configuration classes for test class [com.example.boot.Boot302DemoApplicationTests]: Boot302DemoApplicationTests does not declare any static, non-private, non-final, nested classes annotated with @Configuration.
22:34:12.242 [main] INFO org.springframework.boot.test.context.SpringBootTestContextBootstrapper -- Found @SpringBootConfiguration com.example.boot.Boot302DemoApplication for test class com.example.boot.Boot302DemoApplicationTests

  .   ____          _            __ _ _
 /\\ / ___'_ __ _ _(_)_ __  __ _ \ \ \ \
( ( )\___ | '_ | '_| | '_ \/ _` | \ \ \ \
 \\/  ___)| |_)| | | | | || (_| |  ) ) ) )
  '  |____| .__|_| |_|_| |_\__, | / / / /
 =========|_|==============|___/=/_/_/_/
 :: Spring Boot ::                (v3.1.0)

2023-06-21T22:34:12.827+08:00  INFO 20684 --- [           main] c.e.boot.Boot302DemoApplicationTests     : Starting Boot302DemoApplicationTests using Java 17.0.6 with PID 20684 (started by User in D:\Code\JavaCode\spring-boot-3\boot3-02-demo)
2023-06-21T22:34:12.830+08:00  INFO 20684 --- [           main] c.e.boot.Boot302DemoApplicationTests     : No active profile set, falling back to 1 default profile: "default"
2023-06-21T22:34:14.132+08:00  WARN 20684 --- [           main] ion$DefaultTemplateResolverConfiguration : Cannot find template location: classpath:/templates/ (please add some templates, check your Thymeleaf configuration, or set spring.thymeleaf.check-template-location=false)
2023-06-21T22:34:14.173+08:00  INFO 20684 --- [           main] c.e.boot.Boot302DemoApplicationTests     : Started Boot302DemoApplicationTests in 1.707 seconds (process running for 3.185)
]]></system-out>
  </testcase>
</testsuite>